{
    "level": "INFO",
    "message": "✅ Connected to Main MongoDB dokopi-shard-00-00.tfkdj.mongodb.net",
    "timestamp": "2025-10-13T11:08:58.038Z",
    "meta": {}
}
{
    "level": "INFO",
    "message": "✅ Connected to Redis",
    "timestamp": "2025-10-13T11:08:58.051Z",
    "meta": {}
}
{
    "level": "INFO",
    "message": "✅ Connected to Logs MongoDB localhost",
    "timestamp": "2025-10-13T11:08:58.052Z",
    "meta": {}
}
{
    "level": "INFO",
    "message": "🚀 Server is up and running in development mode",
    "timestamp": "2025-10-13T11:08:58.053Z",
    "meta": {}
}
{
    "level": "INFO",
    "message": "✅ Connected to Main MongoDB dokopi-shard-00-00.tfkdj.mongodb.net",
    "timestamp": "2025-10-13T11:14:43.260Z",
    "meta": {}
}
{
    "level": "INFO",
    "message": "✅ Connected to Logs MongoDB localhost",
    "timestamp": "2025-10-13T11:14:43.265Z",
    "meta": {}
}
{
    "level": "INFO",
    "message": "✅ Connected to Redis",
    "timestamp": "2025-10-13T11:14:43.266Z",
    "meta": {}
}
{
    "level": "INFO",
    "message": "🚀 Server is up and running in development mode",
    "timestamp": "2025-10-13T11:14:43.267Z",
    "meta": {}
}
{
    "level": "INFO",
    "message": "Incoming request: DELETE /v1",
    "timestamp": "2025-10-13T11:14:56.239Z",
    "meta": {}
}
{
    "level": "ERROR",
    "message": "❌ CONTROLLER_ERROR: {\"success\":false,\"statusCode\":404,\"request\":{\"ip\":\"::1\",\"method\":\"DELETE\",\"url\":\"/v1\"},\"message\":\"Route not found\",\"data\":null,\"trace\":{\"error\":\"Error: Route not found\\n    at routeNotFoundMiddleware (/Users/satyamx55/Desktop/Personal/nx-template/apps/api/src/middlewares/not-found.middleware.ts:6:11)\\n    at Layer.handle [as handle_request] (/Users/satyamx55/Desktop/Personal/nx-template/node_modules/express/lib/router/layer.js:95:5)\\n    at trim_prefix (/Users/satyamx55/Desktop/Personal/nx-template/node_modules/express/lib/router/index.js:328:13)\\n    at /Users/satyamx55/Desktop/Personal/nx-template/node_modules/express/lib/router/index.js:286:9\\n    at router.process_params (/Users/satyamx55/Desktop/Personal/nx-template/node_modules/express/lib/router/index.js:346:12)\\n    at next (/Users/satyamx55/Desktop/Personal/nx-template/node_modules/express/lib/router/index.js:280:10)\\n    at requestLoggerMiddleware (/Users/satyamx55/Desktop/Personal/nx-template/apps/api/src/middlewares/request.middleware.ts:11:3)\\n    at Layer.handle [as handle_request] (/Users/satyamx55/Desktop/Personal/nx-template/node_modules/express/lib/router/layer.js:95:5)\\n    at trim_prefix (/Users/satyamx55/Desktop/Personal/nx-template/node_modules/express/lib/router/index.js:328:13)\\n    at /Users/satyamx55/Desktop/Personal/nx-template/node_modules/express/lib/router/index.js:286:9\"}}",
    "timestamp": "2025-10-13T11:14:56.245Z",
    "meta": {}
}
{
    "level": "ERROR",
    "message": "❌ CONTROLLER_ERROR: {\"success\":false,\"statusCode\":404,\"request\":{\"ip\":\"::1\",\"method\":\"DELETE\",\"url\":\"/v1\"},\"message\":\"Route not found\",\"data\":null,\"trace\":{\"error\":\"Error: Route not found\\n    at routeNotFoundMiddleware (/Users/satyamx55/Desktop/Personal/nx-template/apps/api/src/middlewares/not-found.middleware.ts:6:11)\\n    at Layer.handle [as handle_request] (/Users/satyamx55/Desktop/Personal/nx-template/node_modules/express/lib/router/layer.js:95:5)\\n    at trim_prefix (/Users/satyamx55/Desktop/Personal/nx-template/node_modules/express/lib/router/index.js:328:13)\\n    at /Users/satyamx55/Desktop/Personal/nx-template/node_modules/express/lib/router/index.js:286:9\\n    at router.process_params (/Users/satyamx55/Desktop/Personal/nx-template/node_modules/express/lib/router/index.js:346:12)\\n    at next (/Users/satyamx55/Desktop/Personal/nx-template/node_modules/express/lib/router/index.js:280:10)\\n    at requestLoggerMiddleware (/Users/satyamx55/Desktop/Personal/nx-template/apps/api/src/middlewares/request.middleware.ts:11:3)\\n    at Layer.handle [as handle_request] (/Users/satyamx55/Desktop/Personal/nx-template/node_modules/express/lib/router/layer.js:95:5)\\n    at trim_prefix (/Users/satyamx55/Desktop/Personal/nx-template/node_modules/express/lib/router/index.js:328:13)\\n    at /Users/satyamx55/Desktop/Personal/nx-template/node_modules/express/lib/router/index.js:286:9\"}}",
    "timestamp": "2025-10-13T11:14:56.245Z",
    "meta": {}
}
{
    "level": "INFO",
    "message": "Incoming request: DELETE /v1",
    "timestamp": "2025-10-13T11:15:03.451Z",
    "meta": {}
}
{
    "level": "ERROR",
    "message": "❌ CONTROLLER_ERROR: {\"success\":false,\"statusCode\":404,\"request\":{\"ip\":\"::1\",\"method\":\"DELETE\",\"url\":\"/v1\"},\"message\":\"Route not found\",\"data\":null,\"trace\":{\"error\":\"Error: Route not found\\n    at routeNotFoundMiddleware (/Users/satyamx55/Desktop/Personal/nx-template/apps/api/src/middlewares/not-found.middleware.ts:6:11)\\n    at Layer.handle [as handle_request] (/Users/satyamx55/Desktop/Personal/nx-template/node_modules/express/lib/router/layer.js:95:5)\\n    at trim_prefix (/Users/satyamx55/Desktop/Personal/nx-template/node_modules/express/lib/router/index.js:328:13)\\n    at /Users/satyamx55/Desktop/Personal/nx-template/node_modules/express/lib/router/index.js:286:9\\n    at router.process_params (/Users/satyamx55/Desktop/Personal/nx-template/node_modules/express/lib/router/index.js:346:12)\\n    at next (/Users/satyamx55/Desktop/Personal/nx-template/node_modules/express/lib/router/index.js:280:10)\\n    at requestLoggerMiddleware (/Users/satyamx55/Desktop/Personal/nx-template/apps/api/src/middlewares/request.middleware.ts:11:3)\\n    at Layer.handle [as handle_request] (/Users/satyamx55/Desktop/Personal/nx-template/node_modules/express/lib/router/layer.js:95:5)\\n    at trim_prefix (/Users/satyamx55/Desktop/Personal/nx-template/node_modules/express/lib/router/index.js:328:13)\\n    at /Users/satyamx55/Desktop/Personal/nx-template/node_modules/express/lib/router/index.js:286:9\"}}",
    "timestamp": "2025-10-13T11:15:03.452Z",
    "meta": {}
}
{
    "level": "ERROR",
    "message": "❌ CONTROLLER_ERROR: {\"success\":false,\"statusCode\":404,\"request\":{\"ip\":\"::1\",\"method\":\"DELETE\",\"url\":\"/v1\"},\"message\":\"Route not found\",\"data\":null,\"trace\":{\"error\":\"Error: Route not found\\n    at routeNotFoundMiddleware (/Users/satyamx55/Desktop/Personal/nx-template/apps/api/src/middlewares/not-found.middleware.ts:6:11)\\n    at Layer.handle [as handle_request] (/Users/satyamx55/Desktop/Personal/nx-template/node_modules/express/lib/router/layer.js:95:5)\\n    at trim_prefix (/Users/satyamx55/Desktop/Personal/nx-template/node_modules/express/lib/router/index.js:328:13)\\n    at /Users/satyamx55/Desktop/Personal/nx-template/node_modules/express/lib/router/index.js:286:9\\n    at router.process_params (/Users/satyamx55/Desktop/Personal/nx-template/node_modules/express/lib/router/index.js:346:12)\\n    at next (/Users/satyamx55/Desktop/Personal/nx-template/node_modules/express/lib/router/index.js:280:10)\\n    at requestLoggerMiddleware (/Users/satyamx55/Desktop/Personal/nx-template/apps/api/src/middlewares/request.middleware.ts:11:3)\\n    at Layer.handle [as handle_request] (/Users/satyamx55/Desktop/Personal/nx-template/node_modules/express/lib/router/layer.js:95:5)\\n    at trim_prefix (/Users/satyamx55/Desktop/Personal/nx-template/node_modules/express/lib/router/index.js:328:13)\\n    at /Users/satyamx55/Desktop/Personal/nx-template/node_modules/express/lib/router/index.js:286:9\"}}",
    "timestamp": "2025-10-13T11:15:03.453Z",
    "meta": {}
}
{
    "level": "INFO",
    "message": "Incoming request: GET /api/v1/test",
    "timestamp": "2025-10-13T11:15:23.156Z",
    "meta": {}
}
{
    "level": "ERROR",
    "message": "❌ CONTROLLER_ERROR: {\"success\":false,\"statusCode\":404,\"request\":{\"ip\":\"::1\",\"method\":\"GET\",\"url\":\"/api/v1/test\"},\"message\":\"Route not found\",\"data\":null,\"trace\":{\"error\":\"Error: Route not found\\n    at routeNotFoundMiddleware (/Users/satyamx55/Desktop/Personal/nx-template/apps/api/src/middlewares/not-found.middleware.ts:6:11)\\n    at Layer.handle [as handle_request] (/Users/satyamx55/Desktop/Personal/nx-template/node_modules/express/lib/router/layer.js:95:5)\\n    at trim_prefix (/Users/satyamx55/Desktop/Personal/nx-template/node_modules/express/lib/router/index.js:328:13)\\n    at /Users/satyamx55/Desktop/Personal/nx-template/node_modules/express/lib/router/index.js:286:9\\n    at router.process_params (/Users/satyamx55/Desktop/Personal/nx-template/node_modules/express/lib/router/index.js:346:12)\\n    at next (/Users/satyamx55/Desktop/Personal/nx-template/node_modules/express/lib/router/index.js:280:10)\\n    at requestLoggerMiddleware (/Users/satyamx55/Desktop/Personal/nx-template/apps/api/src/middlewares/request.middleware.ts:11:3)\\n    at Layer.handle [as handle_request] (/Users/satyamx55/Desktop/Personal/nx-template/node_modules/express/lib/router/layer.js:95:5)\\n    at trim_prefix (/Users/satyamx55/Desktop/Personal/nx-template/node_modules/express/lib/router/index.js:328:13)\\n    at /Users/satyamx55/Desktop/Personal/nx-template/node_modules/express/lib/router/index.js:286:9\"}}",
    "timestamp": "2025-10-13T11:15:23.156Z",
    "meta": {}
}
{
    "level": "ERROR",
    "message": "❌ CONTROLLER_ERROR: {\"success\":false,\"statusCode\":404,\"request\":{\"ip\":\"::1\",\"method\":\"GET\",\"url\":\"/api/v1/test\"},\"message\":\"Route not found\",\"data\":null,\"trace\":{\"error\":\"Error: Route not found\\n    at routeNotFoundMiddleware (/Users/satyamx55/Desktop/Personal/nx-template/apps/api/src/middlewares/not-found.middleware.ts:6:11)\\n    at Layer.handle [as handle_request] (/Users/satyamx55/Desktop/Personal/nx-template/node_modules/express/lib/router/layer.js:95:5)\\n    at trim_prefix (/Users/satyamx55/Desktop/Personal/nx-template/node_modules/express/lib/router/index.js:328:13)\\n    at /Users/satyamx55/Desktop/Personal/nx-template/node_modules/express/lib/router/index.js:286:9\\n    at router.process_params (/Users/satyamx55/Desktop/Personal/nx-template/node_modules/express/lib/router/index.js:346:12)\\n    at next (/Users/satyamx55/Desktop/Personal/nx-template/node_modules/express/lib/router/index.js:280:10)\\n    at requestLoggerMiddleware (/Users/satyamx55/Desktop/Personal/nx-template/apps/api/src/middlewares/request.middleware.ts:11:3)\\n    at Layer.handle [as handle_request] (/Users/satyamx55/Desktop/Personal/nx-template/node_modules/express/lib/router/layer.js:95:5)\\n    at trim_prefix (/Users/satyamx55/Desktop/Personal/nx-template/node_modules/express/lib/router/index.js:328:13)\\n    at /Users/satyamx55/Desktop/Personal/nx-template/node_modules/express/lib/router/index.js:286:9\"}}",
    "timestamp": "2025-10-13T11:15:23.157Z",
    "meta": {}
}
{
    "level": "INFO",
    "message": "Incoming request: GET /favicon.ico",
    "timestamp": "2025-10-13T11:15:23.252Z",
    "meta": {}
}
{
    "level": "ERROR",
    "message": "❌ CONTROLLER_ERROR: {\"success\":false,\"statusCode\":404,\"request\":{\"ip\":\"::1\",\"method\":\"GET\",\"url\":\"/favicon.ico\"},\"message\":\"Route not found\",\"data\":null,\"trace\":{\"error\":\"Error: Route not found\\n    at routeNotFoundMiddleware (/Users/satyamx55/Desktop/Personal/nx-template/apps/api/src/middlewares/not-found.middleware.ts:6:11)\\n    at Layer.handle [as handle_request] (/Users/satyamx55/Desktop/Personal/nx-template/node_modules/express/lib/router/layer.js:95:5)\\n    at trim_prefix (/Users/satyamx55/Desktop/Personal/nx-template/node_modules/express/lib/router/index.js:328:13)\\n    at /Users/satyamx55/Desktop/Personal/nx-template/node_modules/express/lib/router/index.js:286:9\\n    at router.process_params (/Users/satyamx55/Desktop/Personal/nx-template/node_modules/express/lib/router/index.js:346:12)\\n    at next (/Users/satyamx55/Desktop/Personal/nx-template/node_modules/express/lib/router/index.js:280:10)\\n    at requestLoggerMiddleware (/Users/satyamx55/Desktop/Personal/nx-template/apps/api/src/middlewares/request.middleware.ts:11:3)\\n    at Layer.handle [as handle_request] (/Users/satyamx55/Desktop/Personal/nx-template/node_modules/express/lib/router/layer.js:95:5)\\n    at trim_prefix (/Users/satyamx55/Desktop/Personal/nx-template/node_modules/express/lib/router/index.js:328:13)\\n    at /Users/satyamx55/Desktop/Personal/nx-template/node_modules/express/lib/router/index.js:286:9\"}}",
    "timestamp": "2025-10-13T11:15:23.253Z",
    "meta": {}
}
{
    "level": "ERROR",
    "message": "❌ CONTROLLER_ERROR: {\"success\":false,\"statusCode\":404,\"request\":{\"ip\":\"::1\",\"method\":\"GET\",\"url\":\"/favicon.ico\"},\"message\":\"Route not found\",\"data\":null,\"trace\":{\"error\":\"Error: Route not found\\n    at routeNotFoundMiddleware (/Users/satyamx55/Desktop/Personal/nx-template/apps/api/src/middlewares/not-found.middleware.ts:6:11)\\n    at Layer.handle [as handle_request] (/Users/satyamx55/Desktop/Personal/nx-template/node_modules/express/lib/router/layer.js:95:5)\\n    at trim_prefix (/Users/satyamx55/Desktop/Personal/nx-template/node_modules/express/lib/router/index.js:328:13)\\n    at /Users/satyamx55/Desktop/Personal/nx-template/node_modules/express/lib/router/index.js:286:9\\n    at router.process_params (/Users/satyamx55/Desktop/Personal/nx-template/node_modules/express/lib/router/index.js:346:12)\\n    at next (/Users/satyamx55/Desktop/Personal/nx-template/node_modules/express/lib/router/index.js:280:10)\\n    at requestLoggerMiddleware (/Users/satyamx55/Desktop/Personal/nx-template/apps/api/src/middlewares/request.middleware.ts:11:3)\\n    at Layer.handle [as handle_request] (/Users/satyamx55/Desktop/Personal/nx-template/node_modules/express/lib/router/layer.js:95:5)\\n    at trim_prefix (/Users/satyamx55/Desktop/Personal/nx-template/node_modules/express/lib/router/index.js:328:13)\\n    at /Users/satyamx55/Desktop/Personal/nx-template/node_modules/express/lib/router/index.js:286:9\"}}",
    "timestamp": "2025-10-13T11:15:23.253Z",
    "meta": {}
}
{
    "level": "INFO",
    "message": "Incoming request: GET /test",
    "timestamp": "2025-10-13T11:15:50.311Z",
    "meta": {}
}
{
    "level": "ERROR",
    "message": "❌ CONTROLLER_ERROR: {\"success\":false,\"statusCode\":404,\"request\":{\"ip\":\"::1\",\"method\":\"GET\",\"url\":\"/test\"},\"message\":\"Route not found\",\"data\":null,\"trace\":{\"error\":\"Error: Route not found\\n    at routeNotFoundMiddleware (/Users/satyamx55/Desktop/Personal/nx-template/apps/api/src/middlewares/not-found.middleware.ts:6:11)\\n    at Layer.handle [as handle_request] (/Users/satyamx55/Desktop/Personal/nx-template/node_modules/express/lib/router/layer.js:95:5)\\n    at trim_prefix (/Users/satyamx55/Desktop/Personal/nx-template/node_modules/express/lib/router/index.js:328:13)\\n    at /Users/satyamx55/Desktop/Personal/nx-template/node_modules/express/lib/router/index.js:286:9\\n    at router.process_params (/Users/satyamx55/Desktop/Personal/nx-template/node_modules/express/lib/router/index.js:346:12)\\n    at next (/Users/satyamx55/Desktop/Personal/nx-template/node_modules/express/lib/router/index.js:280:10)\\n    at requestLoggerMiddleware (/Users/satyamx55/Desktop/Personal/nx-template/apps/api/src/middlewares/request.middleware.ts:11:3)\\n    at Layer.handle [as handle_request] (/Users/satyamx55/Desktop/Personal/nx-template/node_modules/express/lib/router/layer.js:95:5)\\n    at trim_prefix (/Users/satyamx55/Desktop/Personal/nx-template/node_modules/express/lib/router/index.js:328:13)\\n    at /Users/satyamx55/Desktop/Personal/nx-template/node_modules/express/lib/router/index.js:286:9\"}}",
    "timestamp": "2025-10-13T11:15:50.312Z",
    "meta": {}
}
{
    "level": "ERROR",
    "message": "❌ CONTROLLER_ERROR: {\"success\":false,\"statusCode\":404,\"request\":{\"ip\":\"::1\",\"method\":\"GET\",\"url\":\"/test\"},\"message\":\"Route not found\",\"data\":null,\"trace\":{\"error\":\"Error: Route not found\\n    at routeNotFoundMiddleware (/Users/satyamx55/Desktop/Personal/nx-template/apps/api/src/middlewares/not-found.middleware.ts:6:11)\\n    at Layer.handle [as handle_request] (/Users/satyamx55/Desktop/Personal/nx-template/node_modules/express/lib/router/layer.js:95:5)\\n    at trim_prefix (/Users/satyamx55/Desktop/Personal/nx-template/node_modules/express/lib/router/index.js:328:13)\\n    at /Users/satyamx55/Desktop/Personal/nx-template/node_modules/express/lib/router/index.js:286:9\\n    at router.process_params (/Users/satyamx55/Desktop/Personal/nx-template/node_modules/express/lib/router/index.js:346:12)\\n    at next (/Users/satyamx55/Desktop/Personal/nx-template/node_modules/express/lib/router/index.js:280:10)\\n    at requestLoggerMiddleware (/Users/satyamx55/Desktop/Personal/nx-template/apps/api/src/middlewares/request.middleware.ts:11:3)\\n    at Layer.handle [as handle_request] (/Users/satyamx55/Desktop/Personal/nx-template/node_modules/express/lib/router/layer.js:95:5)\\n    at trim_prefix (/Users/satyamx55/Desktop/Personal/nx-template/node_modules/express/lib/router/index.js:328:13)\\n    at /Users/satyamx55/Desktop/Personal/nx-template/node_modules/express/lib/router/index.js:286:9\"}}",
    "timestamp": "2025-10-13T11:15:50.312Z",
    "meta": {}
}
{
    "level": "INFO",
    "message": "Incoming request: GET /api/v1",
    "timestamp": "2025-10-13T11:16:28.634Z",
    "meta": {}
}
{
    "level": "ERROR",
    "message": "❌ CONTROLLER_ERROR: {\"success\":false,\"statusCode\":404,\"request\":{\"ip\":\"::1\",\"method\":\"GET\",\"url\":\"/api/v1\"},\"message\":\"Route not found\",\"data\":null,\"trace\":{\"error\":\"Error: Route not found\\n    at routeNotFoundMiddleware (/Users/satyamx55/Desktop/Personal/nx-template/apps/api/src/middlewares/not-found.middleware.ts:6:11)\\n    at Layer.handle [as handle_request] (/Users/satyamx55/Desktop/Personal/nx-template/node_modules/express/lib/router/layer.js:95:5)\\n    at trim_prefix (/Users/satyamx55/Desktop/Personal/nx-template/node_modules/express/lib/router/index.js:328:13)\\n    at /Users/satyamx55/Desktop/Personal/nx-template/node_modules/express/lib/router/index.js:286:9\\n    at router.process_params (/Users/satyamx55/Desktop/Personal/nx-template/node_modules/express/lib/router/index.js:346:12)\\n    at next (/Users/satyamx55/Desktop/Personal/nx-template/node_modules/express/lib/router/index.js:280:10)\\n    at requestLoggerMiddleware (/Users/satyamx55/Desktop/Personal/nx-template/apps/api/src/middlewares/request.middleware.ts:11:3)\\n    at Layer.handle [as handle_request] (/Users/satyamx55/Desktop/Personal/nx-template/node_modules/express/lib/router/layer.js:95:5)\\n    at trim_prefix (/Users/satyamx55/Desktop/Personal/nx-template/node_modules/express/lib/router/index.js:328:13)\\n    at /Users/satyamx55/Desktop/Personal/nx-template/node_modules/express/lib/router/index.js:286:9\"}}",
    "timestamp": "2025-10-13T11:16:28.635Z",
    "meta": {}
}
{
    "level": "ERROR",
    "message": "❌ CONTROLLER_ERROR: {\"success\":false,\"statusCode\":404,\"request\":{\"ip\":\"::1\",\"method\":\"GET\",\"url\":\"/api/v1\"},\"message\":\"Route not found\",\"data\":null,\"trace\":{\"error\":\"Error: Route not found\\n    at routeNotFoundMiddleware (/Users/satyamx55/Desktop/Personal/nx-template/apps/api/src/middlewares/not-found.middleware.ts:6:11)\\n    at Layer.handle [as handle_request] (/Users/satyamx55/Desktop/Personal/nx-template/node_modules/express/lib/router/layer.js:95:5)\\n    at trim_prefix (/Users/satyamx55/Desktop/Personal/nx-template/node_modules/express/lib/router/index.js:328:13)\\n    at /Users/satyamx55/Desktop/Personal/nx-template/node_modules/express/lib/router/index.js:286:9\\n    at router.process_params (/Users/satyamx55/Desktop/Personal/nx-template/node_modules/express/lib/router/index.js:346:12)\\n    at next (/Users/satyamx55/Desktop/Personal/nx-template/node_modules/express/lib/router/index.js:280:10)\\n    at requestLoggerMiddleware (/Users/satyamx55/Desktop/Personal/nx-template/apps/api/src/middlewares/request.middleware.ts:11:3)\\n    at Layer.handle [as handle_request] (/Users/satyamx55/Desktop/Personal/nx-template/node_modules/express/lib/router/layer.js:95:5)\\n    at trim_prefix (/Users/satyamx55/Desktop/Personal/nx-template/node_modules/express/lib/router/index.js:328:13)\\n    at /Users/satyamx55/Desktop/Personal/nx-template/node_modules/express/lib/router/index.js:286:9\"}}",
    "timestamp": "2025-10-13T11:16:28.635Z",
    "meta": {}
}
{
    "level": "INFO",
    "message": "Incoming request: GET /api/v1",
    "timestamp": "2025-10-13T11:16:37.007Z",
    "meta": {}
}
{
    "level": "ERROR",
    "message": "❌ CONTROLLER_ERROR: {\"success\":false,\"statusCode\":404,\"request\":{\"ip\":\"::1\",\"method\":\"GET\",\"url\":\"/api/v1\"},\"message\":\"Route not found\",\"data\":null,\"trace\":{\"error\":\"Error: Route not found\\n    at routeNotFoundMiddleware (/Users/satyamx55/Desktop/Personal/nx-template/apps/api/src/middlewares/not-found.middleware.ts:6:11)\\n    at Layer.handle [as handle_request] (/Users/satyamx55/Desktop/Personal/nx-template/node_modules/express/lib/router/layer.js:95:5)\\n    at trim_prefix (/Users/satyamx55/Desktop/Personal/nx-template/node_modules/express/lib/router/index.js:328:13)\\n    at /Users/satyamx55/Desktop/Personal/nx-template/node_modules/express/lib/router/index.js:286:9\\n    at router.process_params (/Users/satyamx55/Desktop/Personal/nx-template/node_modules/express/lib/router/index.js:346:12)\\n    at next (/Users/satyamx55/Desktop/Personal/nx-template/node_modules/express/lib/router/index.js:280:10)\\n    at requestLoggerMiddleware (/Users/satyamx55/Desktop/Personal/nx-template/apps/api/src/middlewares/request.middleware.ts:11:3)\\n    at Layer.handle [as handle_request] (/Users/satyamx55/Desktop/Personal/nx-template/node_modules/express/lib/router/layer.js:95:5)\\n    at trim_prefix (/Users/satyamx55/Desktop/Personal/nx-template/node_modules/express/lib/router/index.js:328:13)\\n    at /Users/satyamx55/Desktop/Personal/nx-template/node_modules/express/lib/router/index.js:286:9\"}}",
    "timestamp": "2025-10-13T11:16:37.007Z",
    "meta": {}
}
{
    "level": "ERROR",
    "message": "❌ CONTROLLER_ERROR: {\"success\":false,\"statusCode\":404,\"request\":{\"ip\":\"::1\",\"method\":\"GET\",\"url\":\"/api/v1\"},\"message\":\"Route not found\",\"data\":null,\"trace\":{\"error\":\"Error: Route not found\\n    at routeNotFoundMiddleware (/Users/satyamx55/Desktop/Personal/nx-template/apps/api/src/middlewares/not-found.middleware.ts:6:11)\\n    at Layer.handle [as handle_request] (/Users/satyamx55/Desktop/Personal/nx-template/node_modules/express/lib/router/layer.js:95:5)\\n    at trim_prefix (/Users/satyamx55/Desktop/Personal/nx-template/node_modules/express/lib/router/index.js:328:13)\\n    at /Users/satyamx55/Desktop/Personal/nx-template/node_modules/express/lib/router/index.js:286:9\\n    at router.process_params (/Users/satyamx55/Desktop/Personal/nx-template/node_modules/express/lib/router/index.js:346:12)\\n    at next (/Users/satyamx55/Desktop/Personal/nx-template/node_modules/express/lib/router/index.js:280:10)\\n    at requestLoggerMiddleware (/Users/satyamx55/Desktop/Personal/nx-template/apps/api/src/middlewares/request.middleware.ts:11:3)\\n    at Layer.handle [as handle_request] (/Users/satyamx55/Desktop/Personal/nx-template/node_modules/express/lib/router/layer.js:95:5)\\n    at trim_prefix (/Users/satyamx55/Desktop/Personal/nx-template/node_modules/express/lib/router/index.js:328:13)\\n    at /Users/satyamx55/Desktop/Personal/nx-template/node_modules/express/lib/router/index.js:286:9\"}}",
    "timestamp": "2025-10-13T11:16:37.007Z",
    "meta": {}
}
{
    "level": "INFO",
    "message": "Incoming request: GET /api/v1",
    "timestamp": "2025-10-13T11:16:54.561Z",
    "meta": {}
}
{
    "level": "ERROR",
    "message": "❌ CONTROLLER_ERROR: {\"success\":false,\"statusCode\":404,\"request\":{\"ip\":\"::1\",\"method\":\"GET\",\"url\":\"/api/v1\"},\"message\":\"Route not found\",\"data\":null,\"trace\":{\"error\":\"Error: Route not found\\n    at routeNotFoundMiddleware (/Users/satyamx55/Desktop/Personal/nx-template/apps/api/src/middlewares/not-found.middleware.ts:6:11)\\n    at Layer.handle [as handle_request] (/Users/satyamx55/Desktop/Personal/nx-template/node_modules/express/lib/router/layer.js:95:5)\\n    at trim_prefix (/Users/satyamx55/Desktop/Personal/nx-template/node_modules/express/lib/router/index.js:328:13)\\n    at /Users/satyamx55/Desktop/Personal/nx-template/node_modules/express/lib/router/index.js:286:9\\n    at router.process_params (/Users/satyamx55/Desktop/Personal/nx-template/node_modules/express/lib/router/index.js:346:12)\\n    at next (/Users/satyamx55/Desktop/Personal/nx-template/node_modules/express/lib/router/index.js:280:10)\\n    at requestLoggerMiddleware (/Users/satyamx55/Desktop/Personal/nx-template/apps/api/src/middlewares/request.middleware.ts:11:3)\\n    at Layer.handle [as handle_request] (/Users/satyamx55/Desktop/Personal/nx-template/node_modules/express/lib/router/layer.js:95:5)\\n    at trim_prefix (/Users/satyamx55/Desktop/Personal/nx-template/node_modules/express/lib/router/index.js:328:13)\\n    at /Users/satyamx55/Desktop/Personal/nx-template/node_modules/express/lib/router/index.js:286:9\"}}",
    "timestamp": "2025-10-13T11:16:54.562Z",
    "meta": {}
}
{
    "level": "ERROR",
    "message": "❌ CONTROLLER_ERROR: {\"success\":false,\"statusCode\":404,\"request\":{\"ip\":\"::1\",\"method\":\"GET\",\"url\":\"/api/v1\"},\"message\":\"Route not found\",\"data\":null,\"trace\":{\"error\":\"Error: Route not found\\n    at routeNotFoundMiddleware (/Users/satyamx55/Desktop/Personal/nx-template/apps/api/src/middlewares/not-found.middleware.ts:6:11)\\n    at Layer.handle [as handle_request] (/Users/satyamx55/Desktop/Personal/nx-template/node_modules/express/lib/router/layer.js:95:5)\\n    at trim_prefix (/Users/satyamx55/Desktop/Personal/nx-template/node_modules/express/lib/router/index.js:328:13)\\n    at /Users/satyamx55/Desktop/Personal/nx-template/node_modules/express/lib/router/index.js:286:9\\n    at router.process_params (/Users/satyamx55/Desktop/Personal/nx-template/node_modules/express/lib/router/index.js:346:12)\\n    at next (/Users/satyamx55/Desktop/Personal/nx-template/node_modules/express/lib/router/index.js:280:10)\\n    at requestLoggerMiddleware (/Users/satyamx55/Desktop/Personal/nx-template/apps/api/src/middlewares/request.middleware.ts:11:3)\\n    at Layer.handle [as handle_request] (/Users/satyamx55/Desktop/Personal/nx-template/node_modules/express/lib/router/layer.js:95:5)\\n    at trim_prefix (/Users/satyamx55/Desktop/Personal/nx-template/node_modules/express/lib/router/index.js:328:13)\\n    at /Users/satyamx55/Desktop/Personal/nx-template/node_modules/express/lib/router/index.js:286:9\"}}",
    "timestamp": "2025-10-13T11:16:54.562Z",
    "meta": {}
}
{
    "level": "INFO",
    "message": "Incoming request: GET /api/v1/test",
    "timestamp": "2025-10-13T11:17:01.117Z",
    "meta": {}
}
{
    "level": "ERROR",
    "message": "❌ CONTROLLER_ERROR: {\"success\":false,\"statusCode\":404,\"request\":{\"ip\":\"::1\",\"method\":\"GET\",\"url\":\"/api/v1/test\"},\"message\":\"Route not found\",\"data\":null,\"trace\":{\"error\":\"Error: Route not found\\n    at routeNotFoundMiddleware (/Users/satyamx55/Desktop/Personal/nx-template/apps/api/src/middlewares/not-found.middleware.ts:6:11)\\n    at Layer.handle [as handle_request] (/Users/satyamx55/Desktop/Personal/nx-template/node_modules/express/lib/router/layer.js:95:5)\\n    at trim_prefix (/Users/satyamx55/Desktop/Personal/nx-template/node_modules/express/lib/router/index.js:328:13)\\n    at /Users/satyamx55/Desktop/Personal/nx-template/node_modules/express/lib/router/index.js:286:9\\n    at router.process_params (/Users/satyamx55/Desktop/Personal/nx-template/node_modules/express/lib/router/index.js:346:12)\\n    at next (/Users/satyamx55/Desktop/Personal/nx-template/node_modules/express/lib/router/index.js:280:10)\\n    at requestLoggerMiddleware (/Users/satyamx55/Desktop/Personal/nx-template/apps/api/src/middlewares/request.middleware.ts:11:3)\\n    at Layer.handle [as handle_request] (/Users/satyamx55/Desktop/Personal/nx-template/node_modules/express/lib/router/layer.js:95:5)\\n    at trim_prefix (/Users/satyamx55/Desktop/Personal/nx-template/node_modules/express/lib/router/index.js:328:13)\\n    at /Users/satyamx55/Desktop/Personal/nx-template/node_modules/express/lib/router/index.js:286:9\"}}",
    "timestamp": "2025-10-13T11:17:01.118Z",
    "meta": {}
}
{
    "level": "ERROR",
    "message": "❌ CONTROLLER_ERROR: {\"success\":false,\"statusCode\":404,\"request\":{\"ip\":\"::1\",\"method\":\"GET\",\"url\":\"/api/v1/test\"},\"message\":\"Route not found\",\"data\":null,\"trace\":{\"error\":\"Error: Route not found\\n    at routeNotFoundMiddleware (/Users/satyamx55/Desktop/Personal/nx-template/apps/api/src/middlewares/not-found.middleware.ts:6:11)\\n    at Layer.handle [as handle_request] (/Users/satyamx55/Desktop/Personal/nx-template/node_modules/express/lib/router/layer.js:95:5)\\n    at trim_prefix (/Users/satyamx55/Desktop/Personal/nx-template/node_modules/express/lib/router/index.js:328:13)\\n    at /Users/satyamx55/Desktop/Personal/nx-template/node_modules/express/lib/router/index.js:286:9\\n    at router.process_params (/Users/satyamx55/Desktop/Personal/nx-template/node_modules/express/lib/router/index.js:346:12)\\n    at next (/Users/satyamx55/Desktop/Personal/nx-template/node_modules/express/lib/router/index.js:280:10)\\n    at requestLoggerMiddleware (/Users/satyamx55/Desktop/Personal/nx-template/apps/api/src/middlewares/request.middleware.ts:11:3)\\n    at Layer.handle [as handle_request] (/Users/satyamx55/Desktop/Personal/nx-template/node_modules/express/lib/router/layer.js:95:5)\\n    at trim_prefix (/Users/satyamx55/Desktop/Personal/nx-template/node_modules/express/lib/router/index.js:328:13)\\n    at /Users/satyamx55/Desktop/Personal/nx-template/node_modules/express/lib/router/index.js:286:9\"}}",
    "timestamp": "2025-10-13T11:17:01.118Z",
    "meta": {}
}
{
    "level": "INFO",
    "message": "Incoming request: GET /api/v1/test",
    "timestamp": "2025-10-13T11:18:12.858Z",
    "meta": {}
}
{
    "level": "ERROR",
    "message": "❌ CONTROLLER_ERROR: {\"success\":false,\"statusCode\":404,\"request\":{\"ip\":\"::1\",\"method\":\"GET\",\"url\":\"/api/v1/test\"},\"message\":\"Route not found\",\"data\":null,\"trace\":{\"error\":\"Error: Route not found\\n    at routeNotFoundMiddleware (/Users/satyamx55/Desktop/Personal/nx-template/apps/api/src/middlewares/not-found.middleware.ts:6:11)\\n    at Layer.handle [as handle_request] (/Users/satyamx55/Desktop/Personal/nx-template/node_modules/express/lib/router/layer.js:95:5)\\n    at trim_prefix (/Users/satyamx55/Desktop/Personal/nx-template/node_modules/express/lib/router/index.js:328:13)\\n    at /Users/satyamx55/Desktop/Personal/nx-template/node_modules/express/lib/router/index.js:286:9\\n    at router.process_params (/Users/satyamx55/Desktop/Personal/nx-template/node_modules/express/lib/router/index.js:346:12)\\n    at next (/Users/satyamx55/Desktop/Personal/nx-template/node_modules/express/lib/router/index.js:280:10)\\n    at requestLoggerMiddleware (/Users/satyamx55/Desktop/Personal/nx-template/apps/api/src/middlewares/request.middleware.ts:11:3)\\n    at Layer.handle [as handle_request] (/Users/satyamx55/Desktop/Personal/nx-template/node_modules/express/lib/router/layer.js:95:5)\\n    at trim_prefix (/Users/satyamx55/Desktop/Personal/nx-template/node_modules/express/lib/router/index.js:328:13)\\n    at /Users/satyamx55/Desktop/Personal/nx-template/node_modules/express/lib/router/index.js:286:9\"}}",
    "timestamp": "2025-10-13T11:18:12.859Z",
    "meta": {}
}
{
    "level": "ERROR",
    "message": "❌ CONTROLLER_ERROR: {\"success\":false,\"statusCode\":404,\"request\":{\"ip\":\"::1\",\"method\":\"GET\",\"url\":\"/api/v1/test\"},\"message\":\"Route not found\",\"data\":null,\"trace\":{\"error\":\"Error: Route not found\\n    at routeNotFoundMiddleware (/Users/satyamx55/Desktop/Personal/nx-template/apps/api/src/middlewares/not-found.middleware.ts:6:11)\\n    at Layer.handle [as handle_request] (/Users/satyamx55/Desktop/Personal/nx-template/node_modules/express/lib/router/layer.js:95:5)\\n    at trim_prefix (/Users/satyamx55/Desktop/Personal/nx-template/node_modules/express/lib/router/index.js:328:13)\\n    at /Users/satyamx55/Desktop/Personal/nx-template/node_modules/express/lib/router/index.js:286:9\\n    at router.process_params (/Users/satyamx55/Desktop/Personal/nx-template/node_modules/express/lib/router/index.js:346:12)\\n    at next (/Users/satyamx55/Desktop/Personal/nx-template/node_modules/express/lib/router/index.js:280:10)\\n    at requestLoggerMiddleware (/Users/satyamx55/Desktop/Personal/nx-template/apps/api/src/middlewares/request.middleware.ts:11:3)\\n    at Layer.handle [as handle_request] (/Users/satyamx55/Desktop/Personal/nx-template/node_modules/express/lib/router/layer.js:95:5)\\n    at trim_prefix (/Users/satyamx55/Desktop/Personal/nx-template/node_modules/express/lib/router/index.js:328:13)\\n    at /Users/satyamx55/Desktop/Personal/nx-template/node_modules/express/lib/router/index.js:286:9\"}}",
    "timestamp": "2025-10-13T11:18:12.859Z",
    "meta": {}
}
{
    "level": "INFO",
    "message": "Incoming request: GET /api/v1/test/test",
    "timestamp": "2025-10-13T11:18:51.908Z",
    "meta": {}
}
{
    "level": "ERROR",
    "message": "❌ CONTROLLER_ERROR: {\"success\":false,\"statusCode\":404,\"request\":{\"ip\":\"::1\",\"method\":\"GET\",\"url\":\"/api/v1/test/test\"},\"message\":\"Route not found\",\"data\":null,\"trace\":{\"error\":\"Error: Route not found\\n    at routeNotFoundMiddleware (/Users/satyamx55/Desktop/Personal/nx-template/apps/api/src/middlewares/not-found.middleware.ts:6:11)\\n    at Layer.handle [as handle_request] (/Users/satyamx55/Desktop/Personal/nx-template/node_modules/express/lib/router/layer.js:95:5)\\n    at trim_prefix (/Users/satyamx55/Desktop/Personal/nx-template/node_modules/express/lib/router/index.js:328:13)\\n    at /Users/satyamx55/Desktop/Personal/nx-template/node_modules/express/lib/router/index.js:286:9\\n    at router.process_params (/Users/satyamx55/Desktop/Personal/nx-template/node_modules/express/lib/router/index.js:346:12)\\n    at next (/Users/satyamx55/Desktop/Personal/nx-template/node_modules/express/lib/router/index.js:280:10)\\n    at requestLoggerMiddleware (/Users/satyamx55/Desktop/Personal/nx-template/apps/api/src/middlewares/request.middleware.ts:11:3)\\n    at Layer.handle [as handle_request] (/Users/satyamx55/Desktop/Personal/nx-template/node_modules/express/lib/router/layer.js:95:5)\\n    at trim_prefix (/Users/satyamx55/Desktop/Personal/nx-template/node_modules/express/lib/router/index.js:328:13)\\n    at /Users/satyamx55/Desktop/Personal/nx-template/node_modules/express/lib/router/index.js:286:9\"}}",
    "timestamp": "2025-10-13T11:18:51.909Z",
    "meta": {}
}
{
    "level": "ERROR",
    "message": "❌ CONTROLLER_ERROR: {\"success\":false,\"statusCode\":404,\"request\":{\"ip\":\"::1\",\"method\":\"GET\",\"url\":\"/api/v1/test/test\"},\"message\":\"Route not found\",\"data\":null,\"trace\":{\"error\":\"Error: Route not found\\n    at routeNotFoundMiddleware (/Users/satyamx55/Desktop/Personal/nx-template/apps/api/src/middlewares/not-found.middleware.ts:6:11)\\n    at Layer.handle [as handle_request] (/Users/satyamx55/Desktop/Personal/nx-template/node_modules/express/lib/router/layer.js:95:5)\\n    at trim_prefix (/Users/satyamx55/Desktop/Personal/nx-template/node_modules/express/lib/router/index.js:328:13)\\n    at /Users/satyamx55/Desktop/Personal/nx-template/node_modules/express/lib/router/index.js:286:9\\n    at router.process_params (/Users/satyamx55/Desktop/Personal/nx-template/node_modules/express/lib/router/index.js:346:12)\\n    at next (/Users/satyamx55/Desktop/Personal/nx-template/node_modules/express/lib/router/index.js:280:10)\\n    at requestLoggerMiddleware (/Users/satyamx55/Desktop/Personal/nx-template/apps/api/src/middlewares/request.middleware.ts:11:3)\\n    at Layer.handle [as handle_request] (/Users/satyamx55/Desktop/Personal/nx-template/node_modules/express/lib/router/layer.js:95:5)\\n    at trim_prefix (/Users/satyamx55/Desktop/Personal/nx-template/node_modules/express/lib/router/index.js:328:13)\\n    at /Users/satyamx55/Desktop/Personal/nx-template/node_modules/express/lib/router/index.js:286:9\"}}",
    "timestamp": "2025-10-13T11:18:51.909Z",
    "meta": {}
}
{
    "level": "INFO",
    "message": "✅ Connected to Main MongoDB dokopi-shard-00-01.tfkdj.mongodb.net",
    "timestamp": "2025-10-13T11:19:03.169Z",
    "meta": {}
}
{
    "level": "INFO",
    "message": "✅ Connected to Redis",
    "timestamp": "2025-10-13T11:19:03.175Z",
    "meta": {}
}
{
    "level": "INFO",
    "message": "✅ Connected to Logs MongoDB localhost",
    "timestamp": "2025-10-13T11:19:03.175Z",
    "meta": {}
}
{
    "level": "INFO",
    "message": "🚀 Server is up and running in development mode",
    "timestamp": "2025-10-13T11:19:03.176Z",
    "meta": {}
}
{
    "level": "INFO",
    "message": "Incoming request: GET /api/v1/test",
    "timestamp": "2025-10-13T11:19:03.642Z",
    "meta": {}
}
{
    "level": "ERROR",
    "message": "❌ CONTROLLER_ERROR: {\"success\":false,\"statusCode\":404,\"request\":{\"ip\":\"::1\",\"method\":\"GET\",\"url\":\"/api/v1/test\"},\"message\":\"Route not found\",\"data\":null,\"trace\":{\"error\":\"Error: Route not found\\n    at routeNotFoundMiddleware (/Users/satyamx55/Desktop/Personal/nx-template/apps/api/src/middlewares/not-found.middleware.ts:6:11)\\n    at Layer.handle [as handle_request] (/Users/satyamx55/Desktop/Personal/nx-template/node_modules/express/lib/router/layer.js:95:5)\\n    at trim_prefix (/Users/satyamx55/Desktop/Personal/nx-template/node_modules/express/lib/router/index.js:328:13)\\n    at /Users/satyamx55/Desktop/Personal/nx-template/node_modules/express/lib/router/index.js:286:9\\n    at router.process_params (/Users/satyamx55/Desktop/Personal/nx-template/node_modules/express/lib/router/index.js:346:12)\\n    at next (/Users/satyamx55/Desktop/Personal/nx-template/node_modules/express/lib/router/index.js:280:10)\\n    at requestLoggerMiddleware (/Users/satyamx55/Desktop/Personal/nx-template/apps/api/src/middlewares/request.middleware.ts:11:3)\\n    at Layer.handle [as handle_request] (/Users/satyamx55/Desktop/Personal/nx-template/node_modules/express/lib/router/layer.js:95:5)\\n    at trim_prefix (/Users/satyamx55/Desktop/Personal/nx-template/node_modules/express/lib/router/index.js:328:13)\\n    at /Users/satyamx55/Desktop/Personal/nx-template/node_modules/express/lib/router/index.js:286:9\"}}",
    "timestamp": "2025-10-13T11:19:03.644Z",
    "meta": {}
}
{
    "level": "ERROR",
    "message": "❌ CONTROLLER_ERROR: {\"success\":false,\"statusCode\":404,\"request\":{\"ip\":\"::1\",\"method\":\"GET\",\"url\":\"/api/v1/test\"},\"message\":\"Route not found\",\"data\":null,\"trace\":{\"error\":\"Error: Route not found\\n    at routeNotFoundMiddleware (/Users/satyamx55/Desktop/Personal/nx-template/apps/api/src/middlewares/not-found.middleware.ts:6:11)\\n    at Layer.handle [as handle_request] (/Users/satyamx55/Desktop/Personal/nx-template/node_modules/express/lib/router/layer.js:95:5)\\n    at trim_prefix (/Users/satyamx55/Desktop/Personal/nx-template/node_modules/express/lib/router/index.js:328:13)\\n    at /Users/satyamx55/Desktop/Personal/nx-template/node_modules/express/lib/router/index.js:286:9\\n    at router.process_params (/Users/satyamx55/Desktop/Personal/nx-template/node_modules/express/lib/router/index.js:346:12)\\n    at next (/Users/satyamx55/Desktop/Personal/nx-template/node_modules/express/lib/router/index.js:280:10)\\n    at requestLoggerMiddleware (/Users/satyamx55/Desktop/Personal/nx-template/apps/api/src/middlewares/request.middleware.ts:11:3)\\n    at Layer.handle [as handle_request] (/Users/satyamx55/Desktop/Personal/nx-template/node_modules/express/lib/router/layer.js:95:5)\\n    at trim_prefix (/Users/satyamx55/Desktop/Personal/nx-template/node_modules/express/lib/router/index.js:328:13)\\n    at /Users/satyamx55/Desktop/Personal/nx-template/node_modules/express/lib/router/index.js:286:9\"}}",
    "timestamp": "2025-10-13T11:19:03.644Z",
    "meta": {}
}
{
    "level": "INFO",
    "message": "Incoming request: GET /api/v1/test",
    "timestamp": "2025-10-13T11:19:27.245Z",
    "meta": {}
}
{
    "level": "ERROR",
    "message": "❌ CONTROLLER_ERROR: {\"success\":false,\"statusCode\":404,\"request\":{\"ip\":\"::1\",\"method\":\"GET\",\"url\":\"/api/v1/test\"},\"message\":\"Route not found\",\"data\":null,\"trace\":{\"error\":\"Error: Route not found\\n    at routeNotFoundMiddleware (/Users/satyamx55/Desktop/Personal/nx-template/apps/api/src/middlewares/not-found.middleware.ts:6:11)\\n    at Layer.handle [as handle_request] (/Users/satyamx55/Desktop/Personal/nx-template/node_modules/express/lib/router/layer.js:95:5)\\n    at trim_prefix (/Users/satyamx55/Desktop/Personal/nx-template/node_modules/express/lib/router/index.js:328:13)\\n    at /Users/satyamx55/Desktop/Personal/nx-template/node_modules/express/lib/router/index.js:286:9\\n    at router.process_params (/Users/satyamx55/Desktop/Personal/nx-template/node_modules/express/lib/router/index.js:346:12)\\n    at next (/Users/satyamx55/Desktop/Personal/nx-template/node_modules/express/lib/router/index.js:280:10)\\n    at requestLoggerMiddleware (/Users/satyamx55/Desktop/Personal/nx-template/apps/api/src/middlewares/request.middleware.ts:11:3)\\n    at Layer.handle [as handle_request] (/Users/satyamx55/Desktop/Personal/nx-template/node_modules/express/lib/router/layer.js:95:5)\\n    at trim_prefix (/Users/satyamx55/Desktop/Personal/nx-template/node_modules/express/lib/router/index.js:328:13)\\n    at /Users/satyamx55/Desktop/Personal/nx-template/node_modules/express/lib/router/index.js:286:9\"}}",
    "timestamp": "2025-10-13T11:19:27.245Z",
    "meta": {}
}
{
    "level": "ERROR",
    "message": "❌ CONTROLLER_ERROR: {\"success\":false,\"statusCode\":404,\"request\":{\"ip\":\"::1\",\"method\":\"GET\",\"url\":\"/api/v1/test\"},\"message\":\"Route not found\",\"data\":null,\"trace\":{\"error\":\"Error: Route not found\\n    at routeNotFoundMiddleware (/Users/satyamx55/Desktop/Personal/nx-template/apps/api/src/middlewares/not-found.middleware.ts:6:11)\\n    at Layer.handle [as handle_request] (/Users/satyamx55/Desktop/Personal/nx-template/node_modules/express/lib/router/layer.js:95:5)\\n    at trim_prefix (/Users/satyamx55/Desktop/Personal/nx-template/node_modules/express/lib/router/index.js:328:13)\\n    at /Users/satyamx55/Desktop/Personal/nx-template/node_modules/express/lib/router/index.js:286:9\\n    at router.process_params (/Users/satyamx55/Desktop/Personal/nx-template/node_modules/express/lib/router/index.js:346:12)\\n    at next (/Users/satyamx55/Desktop/Personal/nx-template/node_modules/express/lib/router/index.js:280:10)\\n    at requestLoggerMiddleware (/Users/satyamx55/Desktop/Personal/nx-template/apps/api/src/middlewares/request.middleware.ts:11:3)\\n    at Layer.handle [as handle_request] (/Users/satyamx55/Desktop/Personal/nx-template/node_modules/express/lib/router/layer.js:95:5)\\n    at trim_prefix (/Users/satyamx55/Desktop/Personal/nx-template/node_modules/express/lib/router/index.js:328:13)\\n    at /Users/satyamx55/Desktop/Personal/nx-template/node_modules/express/lib/router/index.js:286:9\"}}",
    "timestamp": "2025-10-13T11:19:27.245Z",
    "meta": {}
}
{
    "level": "INFO",
    "message": "Incoming request: GET /api/v1/test/test",
    "timestamp": "2025-10-13T11:20:11.494Z",
    "meta": {}
}
{
    "level": "ERROR",
    "message": "❌ CONTROLLER_ERROR: {\"success\":false,\"statusCode\":404,\"request\":{\"ip\":\"::1\",\"method\":\"GET\",\"url\":\"/api/v1/test/test\"},\"message\":\"Route not found\",\"data\":null,\"trace\":{\"error\":\"Error: Route not found\\n    at routeNotFoundMiddleware (/Users/satyamx55/Desktop/Personal/nx-template/apps/api/src/middlewares/not-found.middleware.ts:6:11)\\n    at Layer.handle [as handle_request] (/Users/satyamx55/Desktop/Personal/nx-template/node_modules/express/lib/router/layer.js:95:5)\\n    at trim_prefix (/Users/satyamx55/Desktop/Personal/nx-template/node_modules/express/lib/router/index.js:328:13)\\n    at /Users/satyamx55/Desktop/Personal/nx-template/node_modules/express/lib/router/index.js:286:9\\n    at router.process_params (/Users/satyamx55/Desktop/Personal/nx-template/node_modules/express/lib/router/index.js:346:12)\\n    at next (/Users/satyamx55/Desktop/Personal/nx-template/node_modules/express/lib/router/index.js:280:10)\\n    at requestLoggerMiddleware (/Users/satyamx55/Desktop/Personal/nx-template/apps/api/src/middlewares/request.middleware.ts:11:3)\\n    at Layer.handle [as handle_request] (/Users/satyamx55/Desktop/Personal/nx-template/node_modules/express/lib/router/layer.js:95:5)\\n    at trim_prefix (/Users/satyamx55/Desktop/Personal/nx-template/node_modules/express/lib/router/index.js:328:13)\\n    at /Users/satyamx55/Desktop/Personal/nx-template/node_modules/express/lib/router/index.js:286:9\"}}",
    "timestamp": "2025-10-13T11:20:11.494Z",
    "meta": {}
}
{
    "level": "ERROR",
    "message": "❌ CONTROLLER_ERROR: {\"success\":false,\"statusCode\":404,\"request\":{\"ip\":\"::1\",\"method\":\"GET\",\"url\":\"/api/v1/test/test\"},\"message\":\"Route not found\",\"data\":null,\"trace\":{\"error\":\"Error: Route not found\\n    at routeNotFoundMiddleware (/Users/satyamx55/Desktop/Personal/nx-template/apps/api/src/middlewares/not-found.middleware.ts:6:11)\\n    at Layer.handle [as handle_request] (/Users/satyamx55/Desktop/Personal/nx-template/node_modules/express/lib/router/layer.js:95:5)\\n    at trim_prefix (/Users/satyamx55/Desktop/Personal/nx-template/node_modules/express/lib/router/index.js:328:13)\\n    at /Users/satyamx55/Desktop/Personal/nx-template/node_modules/express/lib/router/index.js:286:9\\n    at router.process_params (/Users/satyamx55/Desktop/Personal/nx-template/node_modules/express/lib/router/index.js:346:12)\\n    at next (/Users/satyamx55/Desktop/Personal/nx-template/node_modules/express/lib/router/index.js:280:10)\\n    at requestLoggerMiddleware (/Users/satyamx55/Desktop/Personal/nx-template/apps/api/src/middlewares/request.middleware.ts:11:3)\\n    at Layer.handle [as handle_request] (/Users/satyamx55/Desktop/Personal/nx-template/node_modules/express/lib/router/layer.js:95:5)\\n    at trim_prefix (/Users/satyamx55/Desktop/Personal/nx-template/node_modules/express/lib/router/index.js:328:13)\\n    at /Users/satyamx55/Desktop/Personal/nx-template/node_modules/express/lib/router/index.js:286:9\"}}",
    "timestamp": "2025-10-13T11:20:11.494Z",
    "meta": {}
}
{
    "level": "INFO",
    "message": "Incoming request: GET /api/v1/test",
    "timestamp": "2025-10-13T11:20:16.452Z",
    "meta": {}
}
{
    "level": "ERROR",
    "message": "❌ CONTROLLER_ERROR: {\"success\":false,\"statusCode\":404,\"request\":{\"ip\":\"::1\",\"method\":\"GET\",\"url\":\"/api/v1/test\"},\"message\":\"Route not found\",\"data\":null,\"trace\":{\"error\":\"Error: Route not found\\n    at routeNotFoundMiddleware (/Users/satyamx55/Desktop/Personal/nx-template/apps/api/src/middlewares/not-found.middleware.ts:6:11)\\n    at Layer.handle [as handle_request] (/Users/satyamx55/Desktop/Personal/nx-template/node_modules/express/lib/router/layer.js:95:5)\\n    at trim_prefix (/Users/satyamx55/Desktop/Personal/nx-template/node_modules/express/lib/router/index.js:328:13)\\n    at /Users/satyamx55/Desktop/Personal/nx-template/node_modules/express/lib/router/index.js:286:9\\n    at router.process_params (/Users/satyamx55/Desktop/Personal/nx-template/node_modules/express/lib/router/index.js:346:12)\\n    at next (/Users/satyamx55/Desktop/Personal/nx-template/node_modules/express/lib/router/index.js:280:10)\\n    at requestLoggerMiddleware (/Users/satyamx55/Desktop/Personal/nx-template/apps/api/src/middlewares/request.middleware.ts:11:3)\\n    at Layer.handle [as handle_request] (/Users/satyamx55/Desktop/Personal/nx-template/node_modules/express/lib/router/layer.js:95:5)\\n    at trim_prefix (/Users/satyamx55/Desktop/Personal/nx-template/node_modules/express/lib/router/index.js:328:13)\\n    at /Users/satyamx55/Desktop/Personal/nx-template/node_modules/express/lib/router/index.js:286:9\"}}",
    "timestamp": "2025-10-13T11:20:16.453Z",
    "meta": {}
}
{
    "level": "ERROR",
    "message": "❌ CONTROLLER_ERROR: {\"success\":false,\"statusCode\":404,\"request\":{\"ip\":\"::1\",\"method\":\"GET\",\"url\":\"/api/v1/test\"},\"message\":\"Route not found\",\"data\":null,\"trace\":{\"error\":\"Error: Route not found\\n    at routeNotFoundMiddleware (/Users/satyamx55/Desktop/Personal/nx-template/apps/api/src/middlewares/not-found.middleware.ts:6:11)\\n    at Layer.handle [as handle_request] (/Users/satyamx55/Desktop/Personal/nx-template/node_modules/express/lib/router/layer.js:95:5)\\n    at trim_prefix (/Users/satyamx55/Desktop/Personal/nx-template/node_modules/express/lib/router/index.js:328:13)\\n    at /Users/satyamx55/Desktop/Personal/nx-template/node_modules/express/lib/router/index.js:286:9\\n    at router.process_params (/Users/satyamx55/Desktop/Personal/nx-template/node_modules/express/lib/router/index.js:346:12)\\n    at next (/Users/satyamx55/Desktop/Personal/nx-template/node_modules/express/lib/router/index.js:280:10)\\n    at requestLoggerMiddleware (/Users/satyamx55/Desktop/Personal/nx-template/apps/api/src/middlewares/request.middleware.ts:11:3)\\n    at Layer.handle [as handle_request] (/Users/satyamx55/Desktop/Personal/nx-template/node_modules/express/lib/router/layer.js:95:5)\\n    at trim_prefix (/Users/satyamx55/Desktop/Personal/nx-template/node_modules/express/lib/router/index.js:328:13)\\n    at /Users/satyamx55/Desktop/Personal/nx-template/node_modules/express/lib/router/index.js:286:9\"}}",
    "timestamp": "2025-10-13T11:20:16.453Z",
    "meta": {}
}
{
    "level": "INFO",
    "message": "Incoming request: GET /api/v1/test",
    "timestamp": "2025-10-13T11:20:21.195Z",
    "meta": {}
}
{
    "level": "ERROR",
    "message": "❌ CONTROLLER_ERROR: {\"success\":false,\"statusCode\":404,\"request\":{\"ip\":\"::1\",\"method\":\"GET\",\"url\":\"/api/v1/test\"},\"message\":\"Route not found\",\"data\":null,\"trace\":{\"error\":\"Error: Route not found\\n    at routeNotFoundMiddleware (/Users/satyamx55/Desktop/Personal/nx-template/apps/api/src/middlewares/not-found.middleware.ts:6:11)\\n    at Layer.handle [as handle_request] (/Users/satyamx55/Desktop/Personal/nx-template/node_modules/express/lib/router/layer.js:95:5)\\n    at trim_prefix (/Users/satyamx55/Desktop/Personal/nx-template/node_modules/express/lib/router/index.js:328:13)\\n    at /Users/satyamx55/Desktop/Personal/nx-template/node_modules/express/lib/router/index.js:286:9\\n    at router.process_params (/Users/satyamx55/Desktop/Personal/nx-template/node_modules/express/lib/router/index.js:346:12)\\n    at next (/Users/satyamx55/Desktop/Personal/nx-template/node_modules/express/lib/router/index.js:280:10)\\n    at requestLoggerMiddleware (/Users/satyamx55/Desktop/Personal/nx-template/apps/api/src/middlewares/request.middleware.ts:11:3)\\n    at Layer.handle [as handle_request] (/Users/satyamx55/Desktop/Personal/nx-template/node_modules/express/lib/router/layer.js:95:5)\\n    at trim_prefix (/Users/satyamx55/Desktop/Personal/nx-template/node_modules/express/lib/router/index.js:328:13)\\n    at /Users/satyamx55/Desktop/Personal/nx-template/node_modules/express/lib/router/index.js:286:9\"}}",
    "timestamp": "2025-10-13T11:20:21.195Z",
    "meta": {}
}
{
    "level": "ERROR",
    "message": "❌ CONTROLLER_ERROR: {\"success\":false,\"statusCode\":404,\"request\":{\"ip\":\"::1\",\"method\":\"GET\",\"url\":\"/api/v1/test\"},\"message\":\"Route not found\",\"data\":null,\"trace\":{\"error\":\"Error: Route not found\\n    at routeNotFoundMiddleware (/Users/satyamx55/Desktop/Personal/nx-template/apps/api/src/middlewares/not-found.middleware.ts:6:11)\\n    at Layer.handle [as handle_request] (/Users/satyamx55/Desktop/Personal/nx-template/node_modules/express/lib/router/layer.js:95:5)\\n    at trim_prefix (/Users/satyamx55/Desktop/Personal/nx-template/node_modules/express/lib/router/index.js:328:13)\\n    at /Users/satyamx55/Desktop/Personal/nx-template/node_modules/express/lib/router/index.js:286:9\\n    at router.process_params (/Users/satyamx55/Desktop/Personal/nx-template/node_modules/express/lib/router/index.js:346:12)\\n    at next (/Users/satyamx55/Desktop/Personal/nx-template/node_modules/express/lib/router/index.js:280:10)\\n    at requestLoggerMiddleware (/Users/satyamx55/Desktop/Personal/nx-template/apps/api/src/middlewares/request.middleware.ts:11:3)\\n    at Layer.handle [as handle_request] (/Users/satyamx55/Desktop/Personal/nx-template/node_modules/express/lib/router/layer.js:95:5)\\n    at trim_prefix (/Users/satyamx55/Desktop/Personal/nx-template/node_modules/express/lib/router/index.js:328:13)\\n    at /Users/satyamx55/Desktop/Personal/nx-template/node_modules/express/lib/router/index.js:286:9\"}}",
    "timestamp": "2025-10-13T11:20:21.195Z",
    "meta": {}
}
{
    "level": "INFO",
    "message": "👋 Shutting down gracefully...",
    "timestamp": "2025-10-13T11:20:50.244Z",
    "meta": {}
}
{
    "level": "INFO",
    "message": "✅ Connected to Main MongoDB dokopi-shard-00-00.tfkdj.mongodb.net",
    "timestamp": "2025-10-13T11:21:02.288Z",
    "meta": {}
}
{
    "level": "INFO",
    "message": "✅ Connected to Redis",
    "timestamp": "2025-10-13T11:21:02.299Z",
    "meta": {}
}
{
    "level": "INFO",
    "message": "✅ Connected to Logs MongoDB localhost",
    "timestamp": "2025-10-13T11:21:02.300Z",
    "meta": {}
}
{
    "level": "INFO",
    "message": "🚀 Server is up and running in development mode",
    "timestamp": "2025-10-13T11:21:02.301Z",
    "meta": {}
}
{
    "level": "INFO",
    "message": "Incoming request: GET /api/v1/test",
    "timestamp": "2025-10-13T11:21:11.975Z",
    "meta": {}
}
{
    "level": "INFO",
    "message": "👋 Shutting down gracefully...",
    "timestamp": "2025-10-13T11:21:32.081Z",
    "meta": {}
}
